<?xml version="1.0" encoding="UTF-8"?>
<testng-results ignored="0" total="1" passed="1" failed="0" skipped="0">
  <reporter-output>
  </reporter-output>
  <suite started-at="2023-04-02T23:55:54 CEST" name="Default suite" finished-at="2023-04-02T23:56:03 CEST" duration-ms="9350">
    <groups>
    </groups>
    <test started-at="2023-04-02T23:55:54 CEST" name="Default test" finished-at="2023-04-02T23:56:03 CEST" duration-ms="9350">
      <class name="Section11.L03_Login">
        <test-method signature="signin()[pri:0, instance:Section11.L03_Login@f381794]" started-at="2023-04-02T23:55:54 CEST" name="signin" finished-at="2023-04-02T23:56:03 CEST" duration-ms="9287" status="PASS">
          <reporter-output>
          </reporter-output>
        </test-method> <!-- signin -->
      </class> <!-- Section11.L03_Login -->
    </test> <!-- Default test -->
  </suite> <!-- Default suite -->
</testng-results>
